{"/Users/internone/www/NodeJS/geo-query-api/app/models/location.model.js":{"path":"/Users/internone/www/NodeJS/geo-query-api/app/models/location.model.js","s":{"1":1,"2":1,"3":1,"4":1,"5":1},"b":{},"f":{},"fnMap":{},"statementMap":{"1":{"start":{"line":1,"column":0},"end":{"line":1,"column":35}},"2":{"start":{"line":2,"column":0},"end":{"line":2,"column":29}},"3":{"start":{"line":5,"column":0},"end":{"line":14,"column":3}},"4":{"start":{"line":17,"column":0},"end":{"line":17,"column":58}},"5":{"start":{"line":19,"column":0},"end":{"line":19,"column":26}}},"branchMap":{}}}