{"/Users/internone/www/NodeJS/geo-query-api/server.js":{"path":"/Users/internone/www/NodeJS/geo-query-api/server.js","s":{"1":1,"2":1,"3":1,"4":1,"5":1,"6":1,"7":1,"8":1,"9":1,"10":1,"11":1,"12":1,"13":1,"14":1,"15":1,"16":1,"17":1,"18":1,"19":1,"20":1,"21":0,"22":1},"b":{"1":[0,1]},"f":{"1":1,"2":1},"fnMap":{"1":{"name":"(anonymous_1)","line":37,"loc":{"start":{"line":37,"column":36},"end":{"line":37,"column":48}}},"2":{"name":"(anonymous_2)","line":42,"loc":{"start":{"line":42,"column":24},"end":{"line":42,"column":37}}}},"statementMap":{"1":{"start":{"line":1,"column":0},"end":{"line":1,"column":33}},"2":{"start":{"line":2,"column":0},"end":{"line":2,"column":35}},"3":{"start":{"line":3,"column":0},"end":{"line":3,"column":31}},"4":{"start":{"line":4,"column":0},"end":{"line":4,"column":40}},"5":{"start":{"line":5,"column":0},"end":{"line":5,"column":48}},"6":{"start":{"line":7,"column":0},"end":{"line":7,"column":20}},"7":{"start":{"line":10,"column":0},"end":{"line":10,"column":56}},"8":{"start":{"line":13,"column":0},"end":{"line":13,"column":44}},"9":{"start":{"line":15,"column":0},"end":{"line":15,"column":34}},"10":{"start":{"line":18,"column":0},"end":{"line":18,"column":23}},"11":{"start":{"line":21,"column":0},"end":{"line":21,"column":53}},"12":{"start":{"line":24,"column":0},"end":{"line":24,"column":27}},"13":{"start":{"line":27,"column":0},"end":{"line":27,"column":63}},"14":{"start":{"line":29,"column":0},"end":{"line":29,"column":26}},"15":{"start":{"line":31,"column":0},"end":{"line":31,"column":27}},"16":{"start":{"line":34,"column":0},"end":{"line":34,"column":28}},"17":{"start":{"line":37,"column":0},"end":{"line":39,"column":3}},"18":{"start":{"line":38,"column":2},"end":{"line":38,"column":66}},"19":{"start":{"line":42,"column":0},"end":{"line":45,"column":3}},"20":{"start":{"line":43,"column":2},"end":{"line":43,"column":20}},"21":{"start":{"line":43,"column":10},"end":{"line":43,"column":20}},"22":{"start":{"line":44,"column":2},"end":{"line":44,"column":54}}},"branchMap":{"1":{"line":43,"type":"if","locations":[{"start":{"line":43,"column":2},"end":{"line":43,"column":2}},{"start":{"line":43,"column":2},"end":{"line":43,"column":2}}]}}},"/Users/internone/www/NodeJS/geo-query-api/app/routes/location.routes.js":{"path":"/Users/internone/www/NodeJS/geo-query-api/app/routes/location.routes.js","s":{"1":1,"2":1,"3":1,"4":1,"5":1,"6":1,"7":1,"8":1,"9":1,"10":1,"11":1,"12":1,"13":1},"b":{},"f":{},"fnMap":{},"statementMap":{"1":{"start":{"line":1,"column":0},"end":{"line":1,"column":33}},"2":{"start":{"line":2,"column":0},"end":{"line":2,"column":30}},"3":{"start":{"line":4,"column":0},"end":{"line":4,"column":71}},"4":{"start":{"line":29,"column":0},"end":{"line":29,"column":51}},"5":{"start":{"line":61,"column":0},"end":{"line":61,"column":54}},"6":{"start":{"line":97,"column":0},"end":{"line":97,"column":53}},"7":{"start":{"line":136,"column":0},"end":{"line":136,"column":56}},"8":{"start":{"line":177,"column":0},"end":{"line":177,"column":68}},"9":{"start":{"line":221,"column":0},"end":{"line":221,"column":91}},"10":{"start":{"line":223,"column":0},"end":{"line":223,"column":87}},"11":{"start":{"line":253,"column":0},"end":{"line":253,"column":56}},"12":{"start":{"line":272,"column":0},"end":{"line":272,"column":59}},"13":{"start":{"line":274,"column":0},"end":{"line":274,"column":24}}},"branchMap":{}},"/Users/internone/www/NodeJS/geo-query-api/app/controllers/location.controller.js":{"path":"/Users/internone/www/NodeJS/geo-query-api/app/controllers/location.controller.js","s":{"1":1,"2":1,"3":1,"4":3,"5":3,"6":0,"7":0,"8":3,"9":3,"10":3,"11":0,"12":0,"13":3,"14":4,"15":4,"16":4,"17":0,"18":0,"19":4,"20":1,"21":1,"22":1,"23":1,"24":1,"25":0,"26":1,"27":1,"28":1,"29":0,"30":0,"31":1,"32":1,"33":1,"34":1,"35":1,"36":0,"37":0,"38":1,"39":1,"40":1,"41":1,"42":1,"43":1,"44":0,"45":0,"46":1,"47":1,"48":1,"49":1,"50":1,"51":1,"52":1,"53":1,"54":1,"55":1,"56":1,"57":1,"58":1,"59":1,"60":1,"61":0,"62":0,"63":1,"64":1,"65":1,"66":1,"67":1,"68":1,"69":1,"70":1,"71":1,"72":0,"73":1},"b":{"1":[0,3],"2":[0,3],"3":[0,4],"4":[0,1],"5":[0,1],"6":[1,0],"7":[1,0],"8":[0,1],"9":[1,1],"10":[1,0],"11":[1,0],"12":[0,1],"13":[1,1],"14":[1,1],"15":[1,0],"16":[1,0],"17":[0,1],"18":[1,0]},"f":{"1":3,"2":3,"3":3,"4":3,"5":4,"6":4,"7":1,"8":1,"9":1,"10":1,"11":1,"12":1,"13":1,"14":1,"15":1,"16":1,"17":1,"18":1,"19":1},"fnMap":{"1":{"name":"(anonymous_1)","line":7,"loc":{"start":{"line":7,"column":9},"end":{"line":7,"column":27}}},"2":{"name":"(anonymous_2)","line":8,"loc":{"start":{"line":8,"column":22},"end":{"line":8,"column":46}}},"3":{"name":"(anonymous_3)","line":18,"loc":{"start":{"line":18,"column":8},"end":{"line":18,"column":26}}},"4":{"name":"(anonymous_4)","line":19,"loc":{"start":{"line":19,"column":43},"end":{"line":19,"column":66}}},"5":{"name":"(anonymous_5)","line":29,"loc":{"start":{"line":29,"column":10},"end":{"line":29,"column":28}}},"6":{"name":"(anonymous_6)","line":31,"loc":{"start":{"line":31,"column":18},"end":{"line":31,"column":41}}},"7":{"name":"(anonymous_7)","line":41,"loc":{"start":{"line":41,"column":10},"end":{"line":41,"column":28}}},"8":{"name":"(anonymous_8)","line":43,"loc":{"start":{"line":43,"column":37},"end":{"line":43,"column":60}}},"9":{"name":"(anonymous_9)","line":45,"loc":{"start":{"line":45,"column":20},"end":{"line":45,"column":43}}},"10":{"name":"(anonymous_10)","line":55,"loc":{"start":{"line":55,"column":10},"end":{"line":55,"column":28}}},"11":{"name":"(anonymous_11)","line":56,"loc":{"start":{"line":56,"column":42},"end":{"line":56,"column":65}}},"12":{"name":"(anonymous_12)","line":66,"loc":{"start":{"line":66,"column":8},"end":{"line":66,"column":26}}},"13":{"name":"(anonymous_13)","line":72,"loc":{"start":{"line":72,"column":18},"end":{"line":72,"column":42}}},"14":{"name":"(anonymous_14)","line":82,"loc":{"start":{"line":82,"column":14},"end":{"line":82,"column":33}}},"15":{"name":"(anonymous_15)","line":93,"loc":{"start":{"line":93,"column":7},"end":{"line":93,"column":32}}},"16":{"name":"(anonymous_16)","line":103,"loc":{"start":{"line":103,"column":25},"end":{"line":103,"column":44}}},"17":{"name":"(anonymous_17)","line":133,"loc":{"start":{"line":133,"column":7},"end":{"line":133,"column":32}}},"18":{"name":"(anonymous_18)","line":143,"loc":{"start":{"line":143,"column":23},"end":{"line":143,"column":42}}},"19":{"name":"(anonymous_19)","line":161,"loc":{"start":{"line":161,"column":7},"end":{"line":161,"column":32}}}},"statementMap":{"1":{"start":{"line":1,"column":0},"end":{"line":1,"column":51}},"2":{"start":{"line":2,"column":0},"end":{"line":2,"column":29}},"3":{"start":{"line":4,"column":0},"end":{"line":169,"column":1}},"4":{"start":{"line":8,"column":4},"end":{"line":14,"column":7}},"5":{"start":{"line":9,"column":6},"end":{"line":12,"column":7}},"6":{"start":{"line":10,"column":8},"end":{"line":10,"column":54}},"7":{"start":{"line":11,"column":8},"end":{"line":11,"column":15}},"8":{"start":{"line":13,"column":6},"end":{"line":13,"column":52}},"9":{"start":{"line":19,"column":4},"end":{"line":25,"column":7}},"10":{"start":{"line":20,"column":6},"end":{"line":23,"column":7}},"11":{"start":{"line":21,"column":8},"end":{"line":21,"column":54}},"12":{"start":{"line":22,"column":8},"end":{"line":22,"column":15}},"13":{"start":{"line":24,"column":6},"end":{"line":24,"column":51}},"14":{"start":{"line":30,"column":4},"end":{"line":30,"column":42}},"15":{"start":{"line":31,"column":4},"end":{"line":37,"column":7}},"16":{"start":{"line":32,"column":6},"end":{"line":35,"column":7}},"17":{"start":{"line":33,"column":8},"end":{"line":33,"column":54}},"18":{"start":{"line":34,"column":8},"end":{"line":34,"column":15}},"19":{"start":{"line":36,"column":6},"end":{"line":36,"column":92}},"20":{"start":{"line":42,"column":4},"end":{"line":42,"column":29}},"21":{"start":{"line":43,"column":4},"end":{"line":51,"column":7}},"22":{"start":{"line":44,"column":6},"end":{"line":44,"column":27}},"23":{"start":{"line":45,"column":6},"end":{"line":50,"column":9}},"24":{"start":{"line":46,"column":8},"end":{"line":48,"column":9}},"25":{"start":{"line":47,"column":10},"end":{"line":47,"column":56}},"26":{"start":{"line":49,"column":8},"end":{"line":49,"column":96}},"27":{"start":{"line":56,"column":4},"end":{"line":62,"column":7}},"28":{"start":{"line":57,"column":6},"end":{"line":60,"column":7}},"29":{"start":{"line":58,"column":8},"end":{"line":58,"column":54}},"30":{"start":{"line":59,"column":8},"end":{"line":59,"column":15}},"31":{"start":{"line":61,"column":6},"end":{"line":61,"column":78}},"32":{"start":{"line":67,"column":4},"end":{"line":67,"column":67}},"33":{"start":{"line":68,"column":4},"end":{"line":71,"column":7}},"34":{"start":{"line":72,"column":4},"end":{"line":78,"column":7}},"35":{"start":{"line":73,"column":6},"end":{"line":76,"column":7}},"36":{"start":{"line":74,"column":8},"end":{"line":74,"column":54}},"37":{"start":{"line":75,"column":8},"end":{"line":75,"column":15}},"38":{"start":{"line":77,"column":6},"end":{"line":77,"column":122}},"39":{"start":{"line":83,"column":4},"end":{"line":83,"column":53}},"40":{"start":{"line":84,"column":4},"end":{"line":84,"column":30}},"41":{"start":{"line":85,"column":4},"end":{"line":85,"column":91}},"42":{"start":{"line":88,"column":4},"end":{"line":99,"column":7}},"43":{"start":{"line":94,"column":6},"end":{"line":97,"column":7}},"44":{"start":{"line":95,"column":8},"end":{"line":95,"column":54}},"45":{"start":{"line":96,"column":8},"end":{"line":96,"column":15}},"46":{"start":{"line":98,"column":6},"end":{"line":98,"column":170}},"47":{"start":{"line":104,"column":4},"end":{"line":104,"column":52}},"48":{"start":{"line":105,"column":4},"end":{"line":105,"column":54}},"49":{"start":{"line":108,"column":4},"end":{"line":108,"column":28}},"50":{"start":{"line":109,"column":4},"end":{"line":109,"column":30}},"51":{"start":{"line":110,"column":4},"end":{"line":110,"column":56}},"52":{"start":{"line":111,"column":4},"end":{"line":111,"column":54}},"53":{"start":{"line":112,"column":4},"end":{"line":112,"column":39}},"54":{"start":{"line":115,"column":4},"end":{"line":115,"column":61}},"55":{"start":{"line":116,"column":4},"end":{"line":116,"column":62}},"56":{"start":{"line":117,"column":4},"end":{"line":117,"column":65}},"57":{"start":{"line":118,"column":4},"end":{"line":118,"column":64}},"58":{"start":{"line":119,"column":4},"end":{"line":121,"column":6}},"59":{"start":{"line":124,"column":4},"end":{"line":139,"column":7}},"60":{"start":{"line":134,"column":6},"end":{"line":137,"column":7}},"61":{"start":{"line":135,"column":8},"end":{"line":135,"column":54}},"62":{"start":{"line":136,"column":8},"end":{"line":136,"column":15}},"63":{"start":{"line":138,"column":6},"end":{"line":138,"column":210}},"64":{"start":{"line":144,"column":4},"end":{"line":144,"column":58}},"65":{"start":{"line":145,"column":4},"end":{"line":145,"column":56}},"66":{"start":{"line":147,"column":4},"end":{"line":147,"column":69}},"67":{"start":{"line":149,"column":4},"end":{"line":149,"column":40}},"68":{"start":{"line":152,"column":4},"end":{"line":167,"column":7}},"69":{"start":{"line":162,"column":6},"end":{"line":165,"column":7}},"70":{"start":{"line":163,"column":8},"end":{"line":163,"column":54}},"71":{"start":{"line":164,"column":8},"end":{"line":164,"column":15}},"72":{"start":{"line":166,"column":6},"end":{"line":166,"column":123}},"73":{"start":{"line":171,"column":0},"end":{"line":171,"column":30}}},"branchMap":{"1":{"line":9,"type":"if","locations":[{"start":{"line":9,"column":6},"end":{"line":9,"column":6}},{"start":{"line":9,"column":6},"end":{"line":9,"column":6}}]},"2":{"line":20,"type":"if","locations":[{"start":{"line":20,"column":6},"end":{"line":20,"column":6}},{"start":{"line":20,"column":6},"end":{"line":20,"column":6}}]},"3":{"line":32,"type":"if","locations":[{"start":{"line":32,"column":6},"end":{"line":32,"column":6}},{"start":{"line":32,"column":6},"end":{"line":32,"column":6}}]},"4":{"line":46,"type":"if","locations":[{"start":{"line":46,"column":8},"end":{"line":46,"column":8}},{"start":{"line":46,"column":8},"end":{"line":46,"column":8}}]},"5":{"line":57,"type":"if","locations":[{"start":{"line":57,"column":6},"end":{"line":57,"column":6}},{"start":{"line":57,"column":6},"end":{"line":57,"column":6}}]},"6":{"line":67,"type":"binary-expr","locations":[{"start":{"line":67,"column":18},"end":{"line":67,"column":36}},{"start":{"line":67,"column":40},"end":{"line":67,"column":41}}]},"7":{"line":67,"type":"binary-expr","locations":[{"start":{"line":67,"column":43},"end":{"line":67,"column":60}},{"start":{"line":67,"column":64},"end":{"line":67,"column":65}}]},"8":{"line":73,"type":"if","locations":[{"start":{"line":73,"column":6},"end":{"line":73,"column":6}},{"start":{"line":73,"column":6},"end":{"line":73,"column":6}}]},"9":{"line":83,"type":"binary-expr","locations":[{"start":{"line":83,"column":20},"end":{"line":83,"column":47}},{"start":{"line":83,"column":51},"end":{"line":83,"column":52}}]},"10":{"line":85,"type":"binary-expr","locations":[{"start":{"line":85,"column":18},"end":{"line":85,"column":48}},{"start":{"line":85,"column":52},"end":{"line":85,"column":53}}]},"11":{"line":85,"type":"binary-expr","locations":[{"start":{"line":85,"column":55},"end":{"line":85,"column":84}},{"start":{"line":85,"column":88},"end":{"line":85,"column":89}}]},"12":{"line":94,"type":"if","locations":[{"start":{"line":94,"column":6},"end":{"line":94,"column":6}},{"start":{"line":94,"column":6},"end":{"line":94,"column":6}}]},"13":{"line":104,"type":"binary-expr","locations":[{"start":{"line":104,"column":19},"end":{"line":104,"column":45}},{"start":{"line":104,"column":49},"end":{"line":104,"column":51}}]},"14":{"line":105,"type":"binary-expr","locations":[{"start":{"line":105,"column":20},"end":{"line":105,"column":47}},{"start":{"line":105,"column":51},"end":{"line":105,"column":53}}]},"15":{"line":110,"type":"binary-expr","locations":[{"start":{"line":110,"column":20},"end":{"line":110,"column":50}},{"start":{"line":110,"column":54},"end":{"line":110,"column":55}}]},"16":{"line":111,"type":"binary-expr","locations":[{"start":{"line":111,"column":19},"end":{"line":111,"column":48}},{"start":{"line":111,"column":52},"end":{"line":111,"column":53}}]},"17":{"line":134,"type":"if","locations":[{"start":{"line":134,"column":6},"end":{"line":134,"column":6}},{"start":{"line":134,"column":6},"end":{"line":134,"column":6}}]},"18":{"line":162,"type":"if","locations":[{"start":{"line":162,"column":6},"end":{"line":162,"column":6}},{"start":{"line":162,"column":6},"end":{"line":162,"column":6}}]}}},"/Users/internone/www/NodeJS/geo-query-api/app/models/location.model.js":{"path":"/Users/internone/www/NodeJS/geo-query-api/app/models/location.model.js","s":{"1":1,"2":1,"3":1,"4":1,"5":1,"6":1,"7":1,"8":1,"9":100,"10":100,"11":1,"12":1,"13":1},"b":{},"f":{"1":1},"fnMap":{"1":{"name":"(anonymous_1)","line":18,"loc":{"start":{"line":18,"column":30},"end":{"line":18,"column":43}}}},"statementMap":{"1":{"start":{"line":1,"column":0},"end":{"line":1,"column":35}},"2":{"start":{"line":2,"column":0},"end":{"line":2,"column":29}},"3":{"start":{"line":3,"column":0},"end":{"line":3,"column":29}},"4":{"start":{"line":6,"column":0},"end":{"line":15,"column":3}},"5":{"start":{"line":18,"column":0},"end":{"line":31,"column":2}},"6":{"start":{"line":19,"column":2},"end":{"line":19,"column":30}},"7":{"start":{"line":20,"column":2},"end":{"line":20,"column":29}},"8":{"start":{"line":22,"column":2},"end":{"line":28,"column":3}},"9":{"start":{"line":23,"column":4},"end":{"line":26,"column":7}},"10":{"start":{"line":27,"column":4},"end":{"line":27,"column":20}},"11":{"start":{"line":30,"column":2},"end":{"line":30,"column":31}},"12":{"start":{"line":34,"column":0},"end":{"line":34,"column":58}},"13":{"start":{"line":36,"column":0},"end":{"line":36,"column":26}}},"branchMap":{}},"/Users/internone/www/NodeJS/geo-query-api/app/config/config.js":{"path":"/Users/internone/www/NodeJS/geo-query-api/app/config/config.js","s":{"1":1,"2":1},"b":{"1":[1,1],"2":[1,1]},"f":{},"fnMap":{},"statementMap":{"1":{"start":{"line":1,"column":0},"end":{"line":6,"column":1}},"2":{"start":{"line":8,"column":0},"end":{"line":8,"column":24}}},"branchMap":{"1":{"line":2,"type":"binary-expr","locations":[{"start":{"line":2,"column":7},"end":{"line":2,"column":23}},{"start":{"line":2,"column":27},"end":{"line":2,"column":31}}]},"2":{"line":3,"type":"binary-expr","locations":[{"start":{"line":3,"column":5},"end":{"line":3,"column":29}},{"start":{"line":3,"column":33},"end":{"line":3,"column":68}}]}}}}