TN:
SF:/Users/internone/www/NodeJS/geo-query-api/server.js
FN:35,(anonymous_1)
FN:40,(anonymous_2)
FNF:2
FNH:2
FNDA:1,(anonymous_1)
FNDA:1,(anonymous_2)
DA:1,1
DA:2,1
DA:3,1
DA:4,1
DA:5,1
DA:7,1
DA:10,1
DA:13,1
DA:16,1
DA:19,1
DA:22,1
DA:25,1
DA:27,1
DA:29,1
DA:32,1
DA:35,1
DA:36,1
DA:40,1
DA:41,1
DA:42,1
LF:20
LH:20
BRDA:41,1,0,0
BRDA:41,1,1,1
BRF:2
BRH:1
end_of_record
TN:
SF:/Users/internone/www/NodeJS/geo-query-api/app/routes/location.routes.js
FNF:0
FNH:0
DA:1,1
DA:2,1
DA:4,1
DA:7,1
DA:10,1
DA:13,1
DA:16,1
DA:18,1
LF:8
LH:8
BRF:0
BRH:0
end_of_record
TN:
SF:/Users/internone/www/NodeJS/geo-query-api/app/controllers/location.controller.js
FN:6,(anonymous_1)
FN:7,(anonymous_2)
FN:17,(anonymous_3)
FN:18,(anonymous_4)
FN:28,(anonymous_5)
FN:30,(anonymous_6)
FN:40,(anonymous_7)
FN:42,(anonymous_8)
FN:44,(anonymous_9)
FNF:9
FNH:9
FNDA:3,(anonymous_1)
FNDA:3,(anonymous_2)
FNDA:3,(anonymous_3)
FNDA:3,(anonymous_4)
FNDA:3,(anonymous_5)
FNDA:3,(anonymous_6)
FNDA:1,(anonymous_7)
FNDA:1,(anonymous_8)
FNDA:1,(anonymous_9)
DA:1,1
DA:3,1
DA:7,3
DA:8,3
DA:9,0
DA:10,0
DA:12,3
DA:18,3
DA:19,3
DA:20,0
DA:21,0
DA:23,3
DA:29,3
DA:30,3
DA:31,3
DA:32,0
DA:33,0
DA:35,3
DA:41,1
DA:42,1
DA:43,1
DA:44,1
DA:45,1
DA:46,0
DA:48,1
DA:54,1
LF:26
LH:19
BRDA:8,1,0,0
BRDA:8,1,1,3
BRDA:19,2,0,0
BRDA:19,2,1,3
BRDA:31,3,0,0
BRDA:31,3,1,3
BRDA:45,4,0,0
BRDA:45,4,1,1
BRF:8
BRH:4
end_of_record
TN:
SF:/Users/internone/www/NodeJS/geo-query-api/app/models/location.model.js
FN:18,(anonymous_1)
FN:29,(anonymous_2)
FNF:2
FNH:0
FNDA:0,(anonymous_1)
FNDA:0,(anonymous_2)
DA:1,1
DA:2,1
DA:3,1
DA:6,1
DA:18,1
DA:19,0
DA:20,0
DA:22,0
DA:23,0
DA:29,0
DA:30,0
DA:35,1
DA:37,1
LF:13
LH:7
BRF:0
BRH:0
end_of_record
TN:
SF:/Users/internone/www/NodeJS/geo-query-api/app/config/config.js
FNF:0
FNH:0
DA:1,1
DA:8,1
LF:2
LH:2
BRDA:2,1,0,1
BRDA:2,1,1,1
BRDA:3,2,0,1
BRDA:3,2,1,1
BRF:4
BRH:4
end_of_record
